2018-08-12 00:32:08.427 [INFO][][AbstractTestContextBootstrapper]: Neither @ContextConfiguration nor @ContextHierarchy found for test class [com.francis.speeroad.service.EMUserTest], using SpringBootContextLoader
2018-08-12 00:32:08.437 [INFO][][AbstractContextLoader]: Could not detect default resource locations for test class [com.francis.speeroad.service.EMUserTest]: no resource found for suffixes {-context.xml, Context.groovy}.
2018-08-12 00:32:08.452 [INFO][][AnnotationConfigContextLoaderUtils]: Could not detect default configuration classes for test class [com.francis.speeroad.service.EMUserTest]: EMUserTest does not declare any static, non-private, non-final, nested classes annotated with @Configuration.
2018-08-12 00:32:08.911 [INFO][][SpringBootTestContextBootstrapper]: Found @SpringBootConfiguration com.francis.speeroad.SpeeroadApplication for test class com.francis.speeroad.service.EMUserTest
2018-08-12 00:32:09.100 [INFO][][AbstractTestContextBootstrapper]: Loaded default TestExecutionListener class names from location [META-INF/spring.factories]: [org.springframework.boot.test.mock.mockito.MockitoTestExecutionListener, org.springframework.boot.test.mock.mockito.ResetMocksTestExecutionListener, org.springframework.boot.test.autoconfigure.restdocs.RestDocsTestExecutionListener, org.springframework.boot.test.autoconfigure.web.client.MockRestServiceServerResetTestExecutionListener, org.springframework.boot.test.autoconfigure.web.servlet.MockMvcPrintOnlyOnFailureTestExecutionListener, org.springframework.boot.test.autoconfigure.web.servlet.WebDriverTestExecutionListener, org.springframework.test.context.web.ServletTestExecutionListener, org.springframework.test.context.support.DirtiesContextBeforeModesTestExecutionListener, org.springframework.test.context.support.DependencyInjectionTestExecutionListener, org.springframework.test.context.support.DirtiesContextTestExecutionListener, org.springframework.test.context.transaction.TransactionalTestExecutionListener, org.springframework.test.context.jdbc.SqlScriptsTestExecutionListener]
2018-08-12 00:32:09.123 [INFO][][AbstractTestContextBootstrapper]: Using TestExecutionListeners: [org.springframework.test.context.web.ServletTestExecutionListener@865dd6, org.springframework.test.context.support.DirtiesContextBeforeModesTestExecutionListener@4da4253, org.springframework.boot.test.mock.mockito.MockitoTestExecutionListener@3972a855, org.springframework.boot.test.autoconfigure.SpringBootDependencyInjectionTestExecutionListener@62e7f11d, org.springframework.test.context.support.DirtiesContextTestExecutionListener@503d687a, org.springframework.test.context.transaction.TransactionalTestExecutionListener@6a370f4, org.springframework.test.context.jdbc.SqlScriptsTestExecutionListener@2abf4075, org.springframework.boot.test.mock.mockito.ResetMocksTestExecutionListener@770d3326, org.springframework.boot.test.autoconfigure.restdocs.RestDocsTestExecutionListener@4cc8eb05, org.springframework.boot.test.autoconfigure.web.client.MockRestServiceServerResetTestExecutionListener@51f116b8, org.springframework.boot.test.autoconfigure.web.servlet.MockMvcPrintOnlyOnFailureTestExecutionListener@19d481b, org.springframework.boot.test.autoconfigure.web.servlet.WebDriverTestExecutionListener@1f97cf0d]
2018-08-12 00:32:09.861 [INFO][][StartupInfoLogger]: Starting EMUserTest on zhugequndeMacBook-Pro.local with PID 1224 (started by francis in /Users/francis/Documents/code/personal/speeroad)
2018-08-12 00:32:09.862 [INFO][][SpringApplication]: No active profile set, falling back to default profiles: default
2018-08-12 00:32:09.929 [INFO][][AbstractApplicationContext]: Refreshing org.springframework.web.context.support.GenericWebApplicationContext@72c8e7b: startup date [Sun Aug 12 00:32:09 CST 2018]; root of context hierarchy
2018-08-12 00:32:11.439 [INFO][][HttpManager]: [init] http connection inti suc. maxTotal:200, defaultMaxTotal:20
2018-08-12 00:32:11.542 [INFO][][DataConfig]: [DataConfig] create dataSource success
2018-08-12 00:32:11.681 [INFO][][DataConfig]: [DataConfig] create sqlSessionFactoryBean success
2018-08-12 00:32:12.161 [INFO][][AbstractUrlHandlerMapping]: Mapped URL path [/**/favicon.ico] onto handler of type [class org.springframework.web.servlet.resource.ResourceHttpRequestHandler]
2018-08-12 00:32:12.340 [INFO][][RequestMappingHandlerAdapter]: Looking for @ControllerAdvice: org.springframework.web.context.support.GenericWebApplicationContext@72c8e7b: startup date [Sun Aug 12 00:32:09 CST 2018]; root of context hierarchy
2018-08-12 00:32:12.421 [INFO][][AbstractHandlerMethodMapping$MappingRegistry]: Mapped "{[/register/single]}" onto public java.lang.String com.francis.speeroad.web.controller.EMUserController.registerSingle(java.lang.String,java.lang.String)
2018-08-12 00:32:12.423 [INFO][][AbstractHandlerMethodMapping$MappingRegistry]: Mapped "{[/error]}" onto public org.springframework.http.ResponseEntity<java.util.Map<java.lang.String, java.lang.Object>> org.springframework.boot.autoconfigure.web.servlet.error.BasicErrorController.error(javax.servlet.http.HttpServletRequest)
2018-08-12 00:32:12.424 [INFO][][AbstractHandlerMethodMapping$MappingRegistry]: Mapped "{[/error],produces=[text/html]}" onto public org.springframework.web.servlet.ModelAndView org.springframework.boot.autoconfigure.web.servlet.error.BasicErrorController.errorHtml(javax.servlet.http.HttpServletRequest,javax.servlet.http.HttpServletResponse)
2018-08-12 00:32:12.456 [INFO][][AbstractUrlHandlerMapping]: Mapped URL path [/webjars/**] onto handler of type [class org.springframework.web.servlet.resource.ResourceHttpRequestHandler]
2018-08-12 00:32:12.457 [INFO][][AbstractUrlHandlerMapping]: Mapped URL path [/**] onto handler of type [class org.springframework.web.servlet.resource.ResourceHttpRequestHandler]
2018-08-12 00:32:12.727 [INFO][][StartupInfoLogger]: Started EMUserTest in 3.543 seconds (JVM running for 6.593)
2018-08-12 00:32:13.623 [INFO][][AbstractApplicationContext]: Closing org.springframework.web.context.support.GenericWebApplicationContext@72c8e7b: startup date [Sun Aug 12 00:32:09 CST 2018]; root of context hierarchy
2018-08-12 00:33:29.287 [INFO][][AbstractTestContextBootstrapper]: Neither @ContextConfiguration nor @ContextHierarchy found for test class [com.francis.speeroad.service.EMUserTest], using SpringBootContextLoader
2018-08-12 00:33:29.297 [INFO][][AbstractContextLoader]: Could not detect default resource locations for test class [com.francis.speeroad.service.EMUserTest]: no resource found for suffixes {-context.xml, Context.groovy}.
2018-08-12 00:33:29.298 [INFO][][AnnotationConfigContextLoaderUtils]: Could not detect default configuration classes for test class [com.francis.speeroad.service.EMUserTest]: EMUserTest does not declare any static, non-private, non-final, nested classes annotated with @Configuration.
2018-08-12 00:33:29.563 [INFO][][SpringBootTestContextBootstrapper]: Found @SpringBootConfiguration com.francis.speeroad.SpeeroadApplication for test class com.francis.speeroad.service.EMUserTest
2018-08-12 00:33:29.770 [INFO][][AbstractTestContextBootstrapper]: Loaded default TestExecutionListener class names from location [META-INF/spring.factories]: [org.springframework.boot.test.mock.mockito.MockitoTestExecutionListener, org.springframework.boot.test.mock.mockito.ResetMocksTestExecutionListener, org.springframework.boot.test.autoconfigure.restdocs.RestDocsTestExecutionListener, org.springframework.boot.test.autoconfigure.web.client.MockRestServiceServerResetTestExecutionListener, org.springframework.boot.test.autoconfigure.web.servlet.MockMvcPrintOnlyOnFailureTestExecutionListener, org.springframework.boot.test.autoconfigure.web.servlet.WebDriverTestExecutionListener, org.springframework.test.context.web.ServletTestExecutionListener, org.springframework.test.context.support.DirtiesContextBeforeModesTestExecutionListener, org.springframework.test.context.support.DependencyInjectionTestExecutionListener, org.springframework.test.context.support.DirtiesContextTestExecutionListener, org.springframework.test.context.transaction.TransactionalTestExecutionListener, org.springframework.test.context.jdbc.SqlScriptsTestExecutionListener]
2018-08-12 00:33:29.797 [INFO][][AbstractTestContextBootstrapper]: Using TestExecutionListeners: [org.springframework.test.context.web.ServletTestExecutionListener@865dd6, org.springframework.test.context.support.DirtiesContextBeforeModesTestExecutionListener@4da4253, org.springframework.boot.test.mock.mockito.MockitoTestExecutionListener@3972a855, org.springframework.boot.test.autoconfigure.SpringBootDependencyInjectionTestExecutionListener@62e7f11d, org.springframework.test.context.support.DirtiesContextTestExecutionListener@503d687a, org.springframework.test.context.transaction.TransactionalTestExecutionListener@6a370f4, org.springframework.test.context.jdbc.SqlScriptsTestExecutionListener@2abf4075, org.springframework.boot.test.mock.mockito.ResetMocksTestExecutionListener@770d3326, org.springframework.boot.test.autoconfigure.restdocs.RestDocsTestExecutionListener@4cc8eb05, org.springframework.boot.test.autoconfigure.web.client.MockRestServiceServerResetTestExecutionListener@51f116b8, org.springframework.boot.test.autoconfigure.web.servlet.MockMvcPrintOnlyOnFailureTestExecutionListener@19d481b, org.springframework.boot.test.autoconfigure.web.servlet.WebDriverTestExecutionListener@1f97cf0d]
2018-08-12 00:33:30.263 [INFO][][StartupInfoLogger]: Starting EMUserTest on zhugequndeMacBook-Pro.local with PID 1231 (started by francis in /Users/francis/Documents/code/personal/speeroad)
2018-08-12 00:33:30.264 [INFO][][SpringApplication]: No active profile set, falling back to default profiles: default
2018-08-12 00:33:30.331 [INFO][][AbstractApplicationContext]: Refreshing org.springframework.web.context.support.GenericWebApplicationContext@65f8f5ae: startup date [Sun Aug 12 00:33:30 CST 2018]; root of context hierarchy
2018-08-12 00:33:31.956 [INFO][][HttpManager]: [init] http connection inti suc. maxTotal:200, defaultMaxTotal:20
2018-08-12 00:33:32.059 [INFO][][DataConfig]: [DataConfig] create dataSource success
2018-08-12 00:33:32.188 [INFO][][DataConfig]: [DataConfig] create sqlSessionFactoryBean success
2018-08-12 00:33:32.656 [INFO][][AbstractUrlHandlerMapping]: Mapped URL path [/**/favicon.ico] onto handler of type [class org.springframework.web.servlet.resource.ResourceHttpRequestHandler]
2018-08-12 00:33:32.835 [INFO][][RequestMappingHandlerAdapter]: Looking for @ControllerAdvice: org.springframework.web.context.support.GenericWebApplicationContext@65f8f5ae: startup date [Sun Aug 12 00:33:30 CST 2018]; root of context hierarchy
2018-08-12 00:33:32.913 [INFO][][AbstractHandlerMethodMapping$MappingRegistry]: Mapped "{[/register/single]}" onto public java.lang.String com.francis.speeroad.web.controller.EMUserController.registerSingle(java.lang.String,java.lang.String)
2018-08-12 00:33:32.916 [INFO][][AbstractHandlerMethodMapping$MappingRegistry]: Mapped "{[/error]}" onto public org.springframework.http.ResponseEntity<java.util.Map<java.lang.String, java.lang.Object>> org.springframework.boot.autoconfigure.web.servlet.error.BasicErrorController.error(javax.servlet.http.HttpServletRequest)
2018-08-12 00:33:32.917 [INFO][][AbstractHandlerMethodMapping$MappingRegistry]: Mapped "{[/error],produces=[text/html]}" onto public org.springframework.web.servlet.ModelAndView org.springframework.boot.autoconfigure.web.servlet.error.BasicErrorController.errorHtml(javax.servlet.http.HttpServletRequest,javax.servlet.http.HttpServletResponse)
2018-08-12 00:33:32.948 [INFO][][AbstractUrlHandlerMapping]: Mapped URL path [/webjars/**] onto handler of type [class org.springframework.web.servlet.resource.ResourceHttpRequestHandler]
2018-08-12 00:33:32.948 [INFO][][AbstractUrlHandlerMapping]: Mapped URL path [/**] onto handler of type [class org.springframework.web.servlet.resource.ResourceHttpRequestHandler]
2018-08-12 00:33:33.221 [INFO][][StartupInfoLogger]: Started EMUserTest in 3.349 seconds (JVM running for 4.897)
2018-08-12 00:33:34.090 [INFO][][AbstractApplicationContext]: Closing org.springframework.web.context.support.GenericWebApplicationContext@65f8f5ae: startup date [Sun Aug 12 00:33:30 CST 2018]; root of context hierarchy
2018-08-12 00:33:43.430 [INFO][][AbstractTestContextBootstrapper]: Neither @ContextConfiguration nor @ContextHierarchy found for test class [com.francis.speeroad.service.EMUserTest], using SpringBootContextLoader
2018-08-12 00:33:43.438 [INFO][][AbstractContextLoader]: Could not detect default resource locations for test class [com.francis.speeroad.service.EMUserTest]: no resource found for suffixes {-context.xml, Context.groovy}.
2018-08-12 00:33:43.438 [INFO][][AnnotationConfigContextLoaderUtils]: Could not detect default configuration classes for test class [com.francis.speeroad.service.EMUserTest]: EMUserTest does not declare any static, non-private, non-final, nested classes annotated with @Configuration.
2018-08-12 00:33:43.648 [INFO][][SpringBootTestContextBootstrapper]: Found @SpringBootConfiguration com.francis.speeroad.SpeeroadApplication for test class com.francis.speeroad.service.EMUserTest
2018-08-12 00:33:43.818 [INFO][][AbstractTestContextBootstrapper]: Loaded default TestExecutionListener class names from location [META-INF/spring.factories]: [org.springframework.boot.test.mock.mockito.MockitoTestExecutionListener, org.springframework.boot.test.mock.mockito.ResetMocksTestExecutionListener, org.springframework.boot.test.autoconfigure.restdocs.RestDocsTestExecutionListener, org.springframework.boot.test.autoconfigure.web.client.MockRestServiceServerResetTestExecutionListener, org.springframework.boot.test.autoconfigure.web.servlet.MockMvcPrintOnlyOnFailureTestExecutionListener, org.springframework.boot.test.autoconfigure.web.servlet.WebDriverTestExecutionListener, org.springframework.test.context.web.ServletTestExecutionListener, org.springframework.test.context.support.DirtiesContextBeforeModesTestExecutionListener, org.springframework.test.context.support.DependencyInjectionTestExecutionListener, org.springframework.test.context.support.DirtiesContextTestExecutionListener, org.springframework.test.context.transaction.TransactionalTestExecutionListener, org.springframework.test.context.jdbc.SqlScriptsTestExecutionListener]
2018-08-12 00:33:43.835 [INFO][][AbstractTestContextBootstrapper]: Using TestExecutionListeners: [org.springframework.test.context.web.ServletTestExecutionListener@865dd6, org.springframework.test.context.support.DirtiesContextBeforeModesTestExecutionListener@4da4253, org.springframework.boot.test.mock.mockito.MockitoTestExecutionListener@3972a855, org.springframework.boot.test.autoconfigure.SpringBootDependencyInjectionTestExecutionListener@62e7f11d, org.springframework.test.context.support.DirtiesContextTestExecutionListener@503d687a, org.springframework.test.context.transaction.TransactionalTestExecutionListener@6a370f4, org.springframework.test.context.jdbc.SqlScriptsTestExecutionListener@2abf4075, org.springframework.boot.test.mock.mockito.ResetMocksTestExecutionListener@770d3326, org.springframework.boot.test.autoconfigure.restdocs.RestDocsTestExecutionListener@4cc8eb05, org.springframework.boot.test.autoconfigure.web.client.MockRestServiceServerResetTestExecutionListener@51f116b8, org.springframework.boot.test.autoconfigure.web.servlet.MockMvcPrintOnlyOnFailureTestExecutionListener@19d481b, org.springframework.boot.test.autoconfigure.web.servlet.WebDriverTestExecutionListener@1f97cf0d]
2018-08-12 00:33:44.315 [INFO][][StartupInfoLogger]: Starting EMUserTest on zhugequndeMacBook-Pro.local with PID 1235 (started by francis in /Users/francis/Documents/code/personal/speeroad)
2018-08-12 00:33:44.315 [INFO][][SpringApplication]: No active profile set, falling back to default profiles: default
2018-08-12 00:33:44.352 [INFO][][AbstractApplicationContext]: Refreshing org.springframework.web.context.support.GenericWebApplicationContext@65f8f5ae: startup date [Sun Aug 12 00:33:44 CST 2018]; root of context hierarchy
2018-08-12 00:33:45.755 [INFO][][HttpManager]: [init] http connection inti suc. maxTotal:200, defaultMaxTotal:20
2018-08-12 00:33:45.857 [INFO][][DataConfig]: [DataConfig] create dataSource success
2018-08-12 00:33:45.974 [INFO][][DataConfig]: [DataConfig] create sqlSessionFactoryBean success
2018-08-12 00:33:46.415 [INFO][][AbstractUrlHandlerMapping]: Mapped URL path [/**/favicon.ico] onto handler of type [class org.springframework.web.servlet.resource.ResourceHttpRequestHandler]
2018-08-12 00:33:46.576 [INFO][][RequestMappingHandlerAdapter]: Looking for @ControllerAdvice: org.springframework.web.context.support.GenericWebApplicationContext@65f8f5ae: startup date [Sun Aug 12 00:33:44 CST 2018]; root of context hierarchy
2018-08-12 00:33:46.661 [INFO][][AbstractHandlerMethodMapping$MappingRegistry]: Mapped "{[/register/single]}" onto public java.lang.String com.francis.speeroad.web.controller.EMUserController.registerSingle(java.lang.String,java.lang.String)
2018-08-12 00:33:46.663 [INFO][][AbstractHandlerMethodMapping$MappingRegistry]: Mapped "{[/error]}" onto public org.springframework.http.ResponseEntity<java.util.Map<java.lang.String, java.lang.Object>> org.springframework.boot.autoconfigure.web.servlet.error.BasicErrorController.error(javax.servlet.http.HttpServletRequest)
2018-08-12 00:33:46.664 [INFO][][AbstractHandlerMethodMapping$MappingRegistry]: Mapped "{[/error],produces=[text/html]}" onto public org.springframework.web.servlet.ModelAndView org.springframework.boot.autoconfigure.web.servlet.error.BasicErrorController.errorHtml(javax.servlet.http.HttpServletRequest,javax.servlet.http.HttpServletResponse)
2018-08-12 00:33:46.690 [INFO][][AbstractUrlHandlerMapping]: Mapped URL path [/webjars/**] onto handler of type [class org.springframework.web.servlet.resource.ResourceHttpRequestHandler]
2018-08-12 00:33:46.690 [INFO][][AbstractUrlHandlerMapping]: Mapped URL path [/**] onto handler of type [class org.springframework.web.servlet.resource.ResourceHttpRequestHandler]
2018-08-12 00:33:46.954 [INFO][][StartupInfoLogger]: Started EMUserTest in 3.054 seconds (JVM running for 4.357)
2018-08-12 00:33:47.688 [INFO][][AbstractApplicationContext]: Closing org.springframework.web.context.support.GenericWebApplicationContext@65f8f5ae: startup date [Sun Aug 12 00:33:44 CST 2018]; root of context hierarchy
2018-08-12 00:35:49.592 [INFO][][AbstractTestContextBootstrapper]: Neither @ContextConfiguration nor @ContextHierarchy found for test class [com.francis.speeroad.service.EMUserTest], using SpringBootContextLoader
2018-08-12 00:35:49.598 [INFO][][AbstractContextLoader]: Could not detect default resource locations for test class [com.francis.speeroad.service.EMUserTest]: no resource found for suffixes {-context.xml, Context.groovy}.
2018-08-12 00:35:49.599 [INFO][][AnnotationConfigContextLoaderUtils]: Could not detect default configuration classes for test class [com.francis.speeroad.service.EMUserTest]: EMUserTest does not declare any static, non-private, non-final, nested classes annotated with @Configuration.
2018-08-12 00:35:49.758 [INFO][][SpringBootTestContextBootstrapper]: Found @SpringBootConfiguration com.francis.speeroad.SpeeroadApplication for test class com.francis.speeroad.service.EMUserTest
2018-08-12 00:35:49.953 [INFO][][AbstractTestContextBootstrapper]: Loaded default TestExecutionListener class names from location [META-INF/spring.factories]: [org.springframework.boot.test.mock.mockito.MockitoTestExecutionListener, org.springframework.boot.test.mock.mockito.ResetMocksTestExecutionListener, org.springframework.boot.test.autoconfigure.restdocs.RestDocsTestExecutionListener, org.springframework.boot.test.autoconfigure.web.client.MockRestServiceServerResetTestExecutionListener, org.springframework.boot.test.autoconfigure.web.servlet.MockMvcPrintOnlyOnFailureTestExecutionListener, org.springframework.boot.test.autoconfigure.web.servlet.WebDriverTestExecutionListener, org.springframework.test.context.web.ServletTestExecutionListener, org.springframework.test.context.support.DirtiesContextBeforeModesTestExecutionListener, org.springframework.test.context.support.DependencyInjectionTestExecutionListener, org.springframework.test.context.support.DirtiesContextTestExecutionListener, org.springframework.test.context.transaction.TransactionalTestExecutionListener, org.springframework.test.context.jdbc.SqlScriptsTestExecutionListener]
2018-08-12 00:35:49.971 [INFO][][AbstractTestContextBootstrapper]: Using TestExecutionListeners: [org.springframework.test.context.web.ServletTestExecutionListener@865dd6, org.springframework.test.context.support.DirtiesContextBeforeModesTestExecutionListener@4da4253, org.springframework.boot.test.mock.mockito.MockitoTestExecutionListener@3972a855, org.springframework.boot.test.autoconfigure.SpringBootDependencyInjectionTestExecutionListener@62e7f11d, org.springframework.test.context.support.DirtiesContextTestExecutionListener@503d687a, org.springframework.test.context.transaction.TransactionalTestExecutionListener@6a370f4, org.springframework.test.context.jdbc.SqlScriptsTestExecutionListener@2abf4075, org.springframework.boot.test.mock.mockito.ResetMocksTestExecutionListener@770d3326, org.springframework.boot.test.autoconfigure.restdocs.RestDocsTestExecutionListener@4cc8eb05, org.springframework.boot.test.autoconfigure.web.client.MockRestServiceServerResetTestExecutionListener@51f116b8, org.springframework.boot.test.autoconfigure.web.servlet.MockMvcPrintOnlyOnFailureTestExecutionListener@19d481b, org.springframework.boot.test.autoconfigure.web.servlet.WebDriverTestExecutionListener@1f97cf0d]
2018-08-12 00:35:50.729 [INFO][][StartupInfoLogger]: Starting EMUserTest on zhugequndeMacBook-Pro.local with PID 1240 (started by francis in /Users/francis/Documents/code/personal/speeroad)
2018-08-12 00:35:50.730 [INFO][][SpringApplication]: No active profile set, falling back to default profiles: default
2018-08-12 00:35:50.785 [INFO][][AbstractApplicationContext]: Refreshing org.springframework.web.context.support.GenericWebApplicationContext@72c8e7b: startup date [Sun Aug 12 00:35:50 CST 2018]; root of context hierarchy
2018-08-12 00:35:52.138 [INFO][][HttpManager]: [init] http connection inti suc. maxTotal:200, defaultMaxTotal:20
2018-08-12 00:35:52.217 [INFO][][DataConfig]: [DataConfig] create dataSource success
2018-08-12 00:35:52.341 [INFO][][DataConfig]: [DataConfig] create sqlSessionFactoryBean success
2018-08-12 00:35:52.794 [INFO][][AbstractUrlHandlerMapping]: Mapped URL path [/**/favicon.ico] onto handler of type [class org.springframework.web.servlet.resource.ResourceHttpRequestHandler]
2018-08-12 00:35:52.970 [INFO][][RequestMappingHandlerAdapter]: Looking for @ControllerAdvice: org.springframework.web.context.support.GenericWebApplicationContext@72c8e7b: startup date [Sun Aug 12 00:35:50 CST 2018]; root of context hierarchy
2018-08-12 00:35:53.033 [INFO][][AbstractHandlerMethodMapping$MappingRegistry]: Mapped "{[/register/single]}" onto public java.lang.String com.francis.speeroad.web.controller.EMUserController.registerSingle(java.lang.String,java.lang.String)
2018-08-12 00:35:53.036 [INFO][][AbstractHandlerMethodMapping$MappingRegistry]: Mapped "{[/error]}" onto public org.springframework.http.ResponseEntity<java.util.Map<java.lang.String, java.lang.Object>> org.springframework.boot.autoconfigure.web.servlet.error.BasicErrorController.error(javax.servlet.http.HttpServletRequest)
2018-08-12 00:35:53.037 [INFO][][AbstractHandlerMethodMapping$MappingRegistry]: Mapped "{[/error],produces=[text/html]}" onto public org.springframework.web.servlet.ModelAndView org.springframework.boot.autoconfigure.web.servlet.error.BasicErrorController.errorHtml(javax.servlet.http.HttpServletRequest,javax.servlet.http.HttpServletResponse)
2018-08-12 00:35:53.068 [INFO][][AbstractUrlHandlerMapping]: Mapped URL path [/webjars/**] onto handler of type [class org.springframework.web.servlet.resource.ResourceHttpRequestHandler]
2018-08-12 00:35:53.068 [INFO][][AbstractUrlHandlerMapping]: Mapped URL path [/**] onto handler of type [class org.springframework.web.servlet.resource.ResourceHttpRequestHandler]
2018-08-12 00:35:53.345 [INFO][][StartupInfoLogger]: Started EMUserTest in 3.289 seconds (JVM running for 4.582)
2018-08-12 00:35:54.040 [INFO][][AbstractApplicationContext]: Closing org.springframework.web.context.support.GenericWebApplicationContext@72c8e7b: startup date [Sun Aug 12 00:35:50 CST 2018]; root of context hierarchy
2018-08-12 00:36:21.967 [INFO][][AbstractTestContextBootstrapper]: Neither @ContextConfiguration nor @ContextHierarchy found for test class [com.francis.speeroad.service.EMUserTest], using SpringBootContextLoader
2018-08-12 00:36:21.972 [INFO][][AbstractContextLoader]: Could not detect default resource locations for test class [com.francis.speeroad.service.EMUserTest]: no resource found for suffixes {-context.xml, Context.groovy}.
2018-08-12 00:36:21.973 [INFO][][AnnotationConfigContextLoaderUtils]: Could not detect default configuration classes for test class [com.francis.speeroad.service.EMUserTest]: EMUserTest does not declare any static, non-private, non-final, nested classes annotated with @Configuration.
2018-08-12 00:36:22.184 [INFO][][SpringBootTestContextBootstrapper]: Found @SpringBootConfiguration com.francis.speeroad.SpeeroadApplication for test class com.francis.speeroad.service.EMUserTest
2018-08-12 00:36:22.346 [INFO][][AbstractTestContextBootstrapper]: Loaded default TestExecutionListener class names from location [META-INF/spring.factories]: [org.springframework.boot.test.mock.mockito.MockitoTestExecutionListener, org.springframework.boot.test.mock.mockito.ResetMocksTestExecutionListener, org.springframework.boot.test.autoconfigure.restdocs.RestDocsTestExecutionListener, org.springframework.boot.test.autoconfigure.web.client.MockRestServiceServerResetTestExecutionListener, org.springframework.boot.test.autoconfigure.web.servlet.MockMvcPrintOnlyOnFailureTestExecutionListener, org.springframework.boot.test.autoconfigure.web.servlet.WebDriverTestExecutionListener, org.springframework.test.context.web.ServletTestExecutionListener, org.springframework.test.context.support.DirtiesContextBeforeModesTestExecutionListener, org.springframework.test.context.support.DependencyInjectionTestExecutionListener, org.springframework.test.context.support.DirtiesContextTestExecutionListener, org.springframework.test.context.transaction.TransactionalTestExecutionListener, org.springframework.test.context.jdbc.SqlScriptsTestExecutionListener]
2018-08-12 00:36:22.364 [INFO][][AbstractTestContextBootstrapper]: Using TestExecutionListeners: [org.springframework.test.context.web.ServletTestExecutionListener@865dd6, org.springframework.test.context.support.DirtiesContextBeforeModesTestExecutionListener@4da4253, org.springframework.boot.test.mock.mockito.MockitoTestExecutionListener@3972a855, org.springframework.boot.test.autoconfigure.SpringBootDependencyInjectionTestExecutionListener@62e7f11d, org.springframework.test.context.support.DirtiesContextTestExecutionListener@503d687a, org.springframework.test.context.transaction.TransactionalTestExecutionListener@6a370f4, org.springframework.test.context.jdbc.SqlScriptsTestExecutionListener@2abf4075, org.springframework.boot.test.mock.mockito.ResetMocksTestExecutionListener@770d3326, org.springframework.boot.test.autoconfigure.restdocs.RestDocsTestExecutionListener@4cc8eb05, org.springframework.boot.test.autoconfigure.web.client.MockRestServiceServerResetTestExecutionListener@51f116b8, org.springframework.boot.test.autoconfigure.web.servlet.MockMvcPrintOnlyOnFailureTestExecutionListener@19d481b, org.springframework.boot.test.autoconfigure.web.servlet.WebDriverTestExecutionListener@1f97cf0d]
2018-08-12 00:36:22.901 [INFO][][StartupInfoLogger]: Starting EMUserTest on zhugequndeMacBook-Pro.local with PID 1244 (started by francis in /Users/francis/Documents/code/personal/speeroad)
2018-08-12 00:36:22.902 [INFO][][SpringApplication]: No active profile set, falling back to default profiles: default
2018-08-12 00:36:22.954 [INFO][][AbstractApplicationContext]: Refreshing org.springframework.web.context.support.GenericWebApplicationContext@65f8f5ae: startup date [Sun Aug 12 00:36:22 CST 2018]; root of context hierarchy
2018-08-12 00:36:24.633 [INFO][][HttpManager]: [init] http connection inti suc. maxTotal:200, defaultMaxTotal:20
2018-08-12 00:36:24.729 [INFO][][DataConfig]: [DataConfig] create dataSource success
2018-08-12 00:36:24.877 [INFO][][DataConfig]: [DataConfig] create sqlSessionFactoryBean success
2018-08-12 00:36:25.364 [INFO][][AbstractUrlHandlerMapping]: Mapped URL path [/**/favicon.ico] onto handler of type [class org.springframework.web.servlet.resource.ResourceHttpRequestHandler]
2018-08-12 00:36:25.561 [INFO][][RequestMappingHandlerAdapter]: Looking for @ControllerAdvice: org.springframework.web.context.support.GenericWebApplicationContext@65f8f5ae: startup date [Sun Aug 12 00:36:22 CST 2018]; root of context hierarchy
2018-08-12 00:36:25.634 [INFO][][AbstractHandlerMethodMapping$MappingRegistry]: Mapped "{[/register/single]}" onto public java.lang.String com.francis.speeroad.web.controller.EMUserController.registerSingle(java.lang.String,java.lang.String)
2018-08-12 00:36:25.637 [INFO][][AbstractHandlerMethodMapping$MappingRegistry]: Mapped "{[/error]}" onto public org.springframework.http.ResponseEntity<java.util.Map<java.lang.String, java.lang.Object>> org.springframework.boot.autoconfigure.web.servlet.error.BasicErrorController.error(javax.servlet.http.HttpServletRequest)
2018-08-12 00:36:25.638 [INFO][][AbstractHandlerMethodMapping$MappingRegistry]: Mapped "{[/error],produces=[text/html]}" onto public org.springframework.web.servlet.ModelAndView org.springframework.boot.autoconfigure.web.servlet.error.BasicErrorController.errorHtml(javax.servlet.http.HttpServletRequest,javax.servlet.http.HttpServletResponse)
2018-08-12 00:36:25.662 [INFO][][AbstractUrlHandlerMapping]: Mapped URL path [/webjars/**] onto handler of type [class org.springframework.web.servlet.resource.ResourceHttpRequestHandler]
2018-08-12 00:36:25.662 [INFO][][AbstractUrlHandlerMapping]: Mapped URL path [/**] onto handler of type [class org.springframework.web.servlet.resource.ResourceHttpRequestHandler]
2018-08-12 00:36:25.933 [INFO][][StartupInfoLogger]: Started EMUserTest in 3.504 seconds (JVM running for 4.807)
2018-08-12 00:36:26.640 [INFO][][AbstractApplicationContext]: Closing org.springframework.web.context.support.GenericWebApplicationContext@65f8f5ae: startup date [Sun Aug 12 00:36:22 CST 2018]; root of context hierarchy
